# JRE version: Java(TM) SE Runtime Environment (8.0_171-b11) (build 1.8.0_171-b11)
# Java VM: Java HotSpot(TM) Client VM (25.171-b11 mixed mode windows-x86 )
Heap:
 def new generation   total 4928K, used 3768K [0x04400000, 0x04950000, 0x09950000)
  eden space 4416K,  85% used [0x04400000, 0x047ae1d0, 0x04850000)
  from space 512K,   0% used [0x048d0000, 0x048d01e8, 0x04950000)
  to   space 512K,   0% used [0x04850000, 0x04850000, 0x048d0000)
 tenured generation   total 10944K, used 8646K [0x09950000, 0x0a400000, 0x14400000)
   the space 10944K,  79% used [0x09950000, 0x0a1c19d0, 0x0a1c1a00, 0x0a400000)
 Metaspace       used 7624K, capacity 7801K, committed 7936K, reserved 8576K
GC Heap History (10 events):
Event: 1430.261 GC heap before
{Heap before GC invocations=140 (full 0):
 def new generation   total 4928K, used 4416K [0x04400000, 0x04950000, 0x09950000)
  eden space 4416K, 100% used [0x04400000, 0x04850000, 0x04850000)
  from space 512K,   0% used [0x04850000, 0x048501e8, 0x048d0000)
  to   space 512K,   0% used [0x048d0000, 0x048d0000, 0x04950000)
 tenured generation   total 10944K, used 8646K [0x09950000, 0x0a400000, 0x14400000)
   the space 10944K,  79% used [0x09950000, 0x0a1c19d0, 0x0a1c1a00, 0x0a400000)
 Metaspace       used 7619K, capacity 7794K, committed 7936K, reserved 8576K
Event: 1430.262 GC heap after
Heap after GC invocations=141 (full 0):
 def new generation   total 4928K, used 0K [0x04400000, 0x04950000, 0x09950000)
  eden space 4416K,   0% used [0x04400000, 0x04400000, 0x04850000)
  from space 512K,   0% used [0x048d0000, 0x048d01e8, 0x04950000)
  to   space 512K,   0% used [0x04850000, 0x04850000, 0x048d0000)
 tenured generation   total 10944K, used 8646K [0x09950000, 0x0a400000, 0x14400000)
   the space 10944K,  79% used [0x09950000, 0x0a1c19d0, 0x0a1c1a00, 0x0a400000)
 Metaspace       used 7619K, capacity 7794K, committed 7936K, reserved 8576K
}
Event: 1431.114 GC heap before
{Heap before GC invocations=141 (full 0):
 def new generation   total 4928K, used 4416K [0x04400000, 0x04950000, 0x09950000)
  eden space 4416K, 100% used [0x04400000, 0x04850000, 0x04850000)
  from space 512K,   0% used [0x048d0000, 0x048d01e8, 0x04950000)
  to   space 512K,   0% used [0x04850000, 0x04850000, 0x048d0000)
 tenured generation   total 10944K, used 8646K [0x09950000, 0x0a400000, 0x14400000)
   the space 10944K,  79% used [0x09950000, 0x0a1c19d0, 0x0a1c1a00, 0x0a400000)
 Metaspace       used 7619K, capacity 7794K, committed 7936K, reserved 8576K
Event: 1431.115 GC heap after
Heap after GC invocations=142 (full 0):
 def new generation   total 4928K, used 0K [0x04400000, 0x04950000, 0x09950000)
  eden space 4416K,   0% used [0x04400000, 0x04400000, 0x04850000)
  from space 512K,   0% used [0x04850000, 0x048501e8, 0x048d0000)
  to   space 512K,   0% used [0x048d0000, 0x048d0000, 0x04950000)
 tenured generation   total 10944K, used 8646K [0x09950000, 0x0a400000, 0x14400000)
   the space 10944K,  79% used [0x09950000, 0x0a1c19d0, 0x0a1c1a00, 0x0a400000)
 Metaspace       used 7619K, capacity 7794K, committed 7936K, reserved 8576K
}
Event: 1431.987 GC heap before
{Heap before GC invocations=142 (full 0):
 def new generation   total 4928K, used 4416K [0x04400000, 0x04950000, 0x09950000)
  eden space 4416K, 100% used [0x04400000, 0x04850000, 0x04850000)
  from space 512K,   0% used [0x04850000, 0x048501e8, 0x048d0000)
  to   space 512K,   0% used [0x048d0000, 0x048d0000, 0x04950000)
 tenured generation   total 10944K, used 8646K [0x09950000, 0x0a400000, 0x14400000)
   the space 10944K,  79% used [0x09950000, 0x0a1c19d0, 0x0a1c1a00, 0x0a400000)
 Metaspace       used 7619K, capacity 7794K, committed 7936K, reserved 8576K
Event: 1431.987 GC heap after
Heap after GC invocations=143 (full 0):
 def new generation   total 4928K, used 0K [0x04400000, 0x04950000, 0x09950000)
  eden space 4416K,   0% used [0x04400000, 0x04400000, 0x04850000)
  from space 512K,   0% used [0x048d0000, 0x048d01e8, 0x04950000)
  to   space 512K,   0% used [0x04850000, 0x04850000, 0x048d0000)
 tenured generation   total 10944K, used 8646K [0x09950000, 0x0a400000, 0x14400000)
   the space 10944K,  79% used [0x09950000, 0x0a1c19d0, 0x0a1c1a00, 0x0a400000)
 Metaspace       used 7619K, capacity 7794K, committed 7936K, reserved 8576K
}
Event: 1432.846 GC heap before
{Heap before GC invocations=143 (full 0):
 def new generation   total 4928K, used 4416K [0x04400000, 0x04950000, 0x09950000)
  eden space 4416K, 100% used [0x04400000, 0x04850000, 0x04850000)
  from space 512K,   0% used [0x048d0000, 0x048d01e8, 0x04950000)
  to   space 512K,   0% used [0x04850000, 0x04850000, 0x048d0000)
 tenured generation   total 10944K, used 8646K [0x09950000, 0x0a400000, 0x14400000)
   the space 10944K,  79% used [0x09950000, 0x0a1c19d0, 0x0a1c1a00, 0x0a400000)
 Metaspace       used 7619K, capacity 7794K, committed 7936K, reserved 8576K
Event: 1432.847 GC heap after
Heap after GC invocations=144 (full 0):
 def new generation   total 4928K, used 0K [0x04400000, 0x04950000, 0x09950000)
  eden space 4416K,   0% used [0x04400000, 0x04400000, 0x04850000)
  from space 512K,   0% used [0x04850000, 0x048501e8, 0x048d0000)
  to   space 512K,   0% used [0x048d0000, 0x048d0000, 0x04950000)
 tenured generation   total 10944K, used 8646K [0x09950000, 0x0a400000, 0x14400000)
   the space 10944K,  79% used [0x09950000, 0x0a1c19d0, 0x0a1c1a00, 0x0a400000)
 Metaspace       used 7619K, capacity 7794K, committed 7936K, reserved 8576K
}
Event: 1433.780 GC heap before
{Heap before GC invocations=144 (full 0):
 def new generation   total 4928K, used 4416K [0x04400000, 0x04950000, 0x09950000)
  eden space 4416K, 100% used [0x04400000, 0x04850000, 0x04850000)
  from space 512K,   0% used [0x04850000, 0x048501e8, 0x048d0000)
  to   space 512K,   0% used [0x048d0000, 0x048d0000, 0x04950000)
 tenured generation   total 10944K, used 8646K [0x09950000, 0x0a400000, 0x14400000)
   the space 10944K,  79% used [0x09950000, 0x0a1c19d0, 0x0a1c1a00, 0x0a400000)
 Metaspace       used 7619K, capacity 7794K, committed 7936K, reserved 8576K
Event: 1433.781 GC heap after
Heap after GC invocations=145 (full 0):
 def new generation   total 4928K, used 0K [0x04400000, 0x04950000, 0x09950000)
  eden space 4416K,   0% used [0x04400000, 0x04400000, 0x04850000)
  from space 512K,   0% used [0x048d0000, 0x048d01e8, 0x04950000)
  to   space 512K,   0% used [0x04850000, 0x04850000, 0x048d0000)
 tenured generation   total 10944K, used 8646K [0x09950000, 0x0a400000, 0x14400000)
   the space 10944K,  79% used [0x09950000, 0x0a1c19d0, 0x0a1c1a00, 0x0a400000)
 Metaspace       used 7619K, capacity 7794K, committed 7936K, reserved 8576K
}

